<?xml version="1.0" encoding="UTF-8"?>
<!-- Generated by org.testng.reporters.JUnitXMLReporter -->
<testsuite hostname="QAPLANET-PC" ignored="0" name="Default test" tests="5" failures="0" timestamp="11 Dec 2019 07:17:38 GMT" time="40.276" errors="0">
  <testcase name="TC1_1" time="4.468" classname="IMS.LoginTest"/>
  <testcase name="TC1_2" time="4.356" classname="IMS.LoginTest"/>
  <testcase name="TC1_3" time="4.325" classname="IMS.LoginTest"/>
  <testcase name="TC1_4" time="4.332" classname="IMS.LoginTest"/>
  <testcase name="TC1_5" time="4.264" classname="IMS.LoginTest"/>
</testsuite> <!-- Default test -->
