<?xml version="1.0" encoding="UTF-8"?>
<testng-results skipped="0" failed="0" ignored="0" total="5" passed="5">
  <reporter-output>
  </reporter-output>
  <suite name="Default suite" duration-ms="40276" started-at="2019-12-11T07:16:58Z" finished-at="2019-12-11T07:17:38Z">
    <groups>
      <group name="main">
        <method signature="LoginTest.TC1_1()[pri:1, instance:IMS.LoginTest@1a8c74e]" name="TC1_1" class="IMS.LoginTest"/>
        <method signature="LoginTest.TC1_2()[pri:2, instance:IMS.LoginTest@1a8c74e]" name="TC1_2" class="IMS.LoginTest"/>
        <method signature="LoginTest.TC1_3()[pri:3, instance:IMS.LoginTest@1a8c74e]" name="TC1_3" class="IMS.LoginTest"/>
        <method signature="LoginTest.TC1_4()[pri:4, instance:IMS.LoginTest@1a8c74e]" name="TC1_4" class="IMS.LoginTest"/>
        <method signature="LoginTest.TC1_5()[pri:5, instance:IMS.LoginTest@1a8c74e]" name="TC1_5" class="IMS.LoginTest"/>
      </group> <!-- main -->
    </groups>
    <test name="Default test" duration-ms="40276" started-at="2019-12-11T07:16:58Z" finished-at="2019-12-11T07:17:38Z">
      <class name="IMS.LoginTest">
        <test-method status="PASS" signature="b()[pri:0, instance:IMS.LoginTest@1a8c74e]" name="b" is-config="true" duration-ms="3508" started-at="2019-12-11T07:16:58Z" finished-at="2019-12-11T07:17:01Z">
          <reporter-output>
          </reporter-output>
        </test-method> <!-- b -->
        <test-method status="PASS" signature="TC1_1()[pri:1, instance:IMS.LoginTest@1a8c74e]" name="TC1_1" duration-ms="4468" started-at="2019-12-11T07:17:01Z" finished-at="2019-12-11T07:17:06Z">
          <reporter-output>
          </reporter-output>
        </test-method> <!-- TC1_1 -->
        <test-method status="PASS" signature="bclose()[pri:0, instance:IMS.LoginTest@1a8c74e]" name="bclose" is-config="true" duration-ms="717" started-at="2019-12-11T07:17:06Z" finished-at="2019-12-11T07:17:07Z">
          <reporter-output>
          </reporter-output>
        </test-method> <!-- bclose -->
        <test-method status="PASS" signature="b()[pri:0, instance:IMS.LoginTest@1a8c74e]" name="b" is-config="true" duration-ms="2860" started-at="2019-12-11T07:17:07Z" finished-at="2019-12-11T07:17:09Z">
          <reporter-output>
          </reporter-output>
        </test-method> <!-- b -->
        <test-method status="PASS" signature="TC1_2()[pri:2, instance:IMS.LoginTest@1a8c74e]" name="TC1_2" duration-ms="4356" started-at="2019-12-11T07:17:09Z" finished-at="2019-12-11T07:17:14Z">
          <reporter-output>
          </reporter-output>
        </test-method> <!-- TC1_2 -->
        <test-method status="PASS" signature="bclose()[pri:0, instance:IMS.LoginTest@1a8c74e]" name="bclose" is-config="true" duration-ms="1092" started-at="2019-12-11T07:17:14Z" finished-at="2019-12-11T07:17:15Z">
          <reporter-output>
          </reporter-output>
        </test-method> <!-- bclose -->
        <test-method status="PASS" signature="b()[pri:0, instance:IMS.LoginTest@1a8c74e]" name="b" is-config="true" duration-ms="2705" started-at="2019-12-11T07:17:15Z" finished-at="2019-12-11T07:17:18Z">
          <reporter-output>
          </reporter-output>
        </test-method> <!-- b -->
        <test-method status="PASS" signature="TC1_3()[pri:3, instance:IMS.LoginTest@1a8c74e]" name="TC1_3" duration-ms="4325" started-at="2019-12-11T07:17:18Z" finished-at="2019-12-11T07:17:22Z">
          <reporter-output>
          </reporter-output>
        </test-method> <!-- TC1_3 -->
        <test-method status="PASS" signature="bclose()[pri:0, instance:IMS.LoginTest@1a8c74e]" name="bclose" is-config="true" duration-ms="718" started-at="2019-12-11T07:17:22Z" finished-at="2019-12-11T07:17:23Z">
          <reporter-output>
          </reporter-output>
        </test-method> <!-- bclose -->
        <test-method status="PASS" signature="b()[pri:0, instance:IMS.LoginTest@1a8c74e]" name="b" is-config="true" duration-ms="2662" started-at="2019-12-11T07:17:23Z" finished-at="2019-12-11T07:17:25Z">
          <reporter-output>
          </reporter-output>
        </test-method> <!-- b -->
        <test-method status="PASS" signature="TC1_4()[pri:4, instance:IMS.LoginTest@1a8c74e]" name="TC1_4" duration-ms="4332" started-at="2019-12-11T07:17:25Z" finished-at="2019-12-11T07:17:30Z">
          <reporter-output>
          </reporter-output>
        </test-method> <!-- TC1_4 -->
        <test-method status="PASS" signature="bclose()[pri:0, instance:IMS.LoginTest@1a8c74e]" name="bclose" is-config="true" duration-ms="796" started-at="2019-12-11T07:17:30Z" finished-at="2019-12-11T07:17:30Z">
          <reporter-output>
          </reporter-output>
        </test-method> <!-- bclose -->
        <test-method status="PASS" signature="b()[pri:0, instance:IMS.LoginTest@1a8c74e]" name="b" is-config="true" duration-ms="2786" started-at="2019-12-11T07:17:30Z" finished-at="2019-12-11T07:17:33Z">
          <reporter-output>
          </reporter-output>
        </test-method> <!-- b -->
        <test-method status="PASS" signature="TC1_5()[pri:5, instance:IMS.LoginTest@1a8c74e]" name="TC1_5" duration-ms="4264" started-at="2019-12-11T07:17:33Z" finished-at="2019-12-11T07:17:37Z">
          <reporter-output>
          </reporter-output>
        </test-method> <!-- TC1_5 -->
        <test-method status="PASS" signature="bclose()[pri:0, instance:IMS.LoginTest@1a8c74e]" name="bclose" is-config="true" duration-ms="655" started-at="2019-12-11T07:17:37Z" finished-at="2019-12-11T07:17:38Z">
          <reporter-output>
          </reporter-output>
        </test-method> <!-- bclose -->
      </class> <!-- IMS.LoginTest -->
    </test> <!-- Default test -->
  </suite> <!-- Default suite -->
</testng-results>
